<?xml version="1.0" encoding="UTF-8" ?>
<testsuites>
  <testsuite errors="0" failures="0" hostname="YT00401-100" id="0" name="QuestionControllerTest" package="com.augmentum.oes.controller" tests="2" time="4.062" timestamp="2014-08-11T15:14:01">
      <properties>
[...]
</properties>

      <testcase classname="com.augmentum.oes.controller.QuestionControllerTest" name="testDelete" time="3.954" />

      <testcase classname="com.augmentum.oes.controller.QuestionControllerTest" name="testEdit" time="0.0" />

      <system-out><![CDATA[]]></system-out>

      <system-err><![CDATA[log4j:ERROR Could not find value for key log4j.appender.oes
log4j:ERROR Could not instantiate appender named "oes".
com.mchange.v2.cfg.DelayedLogItem [ level -> FINE, text -> "The configuration file for resource identifier '/mchange-commons.properties' could not be found. Skipping.", exception -> java.io.FileNotFoundException: Resource not found at path '/mchange-commons.properties'.]
com.mchange.v2.cfg.DelayedLogItem [ level -> FINE, text -> "The configuration file for resource identifier 'hocon:/reference.conf,/application.conf,/application.json,/application.properties,/' could not be found. Skipping.", exception -> java.io.FileNotFoundException: No resource available at '/reference.conf,/application.conf,/application.json,/application.properties,/' for HOCON identifier 'hocon:/reference.conf,/application.conf,/application.json,/application.properties,/'. Also HOCON lib (typesafe-config) is not available.]
]]></system-err>

  </testsuite>
  <testsuite errors="0" failures="0" hostname="YT00401-100" id="1" name="QuestionServiceTest" package="com.augmentum.oes.service" tests="6" time="4.625" timestamp="2014-08-11T15:14:07">
      <properties>
[...]
</properties>

      <testcase classname="com.augmentum.oes.service.QuestionServiceTest" name="testVerificationException" time="4.453" />

      <testcase classname="com.augmentum.oes.service.QuestionServiceTest" name="testCreateQuestion" time="0.031" />

      <testcase classname="com.augmentum.oes.service.QuestionServiceTest" name="testUpdateQuestion" time="0.0" />

      <testcase classname="com.augmentum.oes.service.QuestionServiceTest" name="testGetQuestionById" time="0.0" />

      <testcase classname="com.augmentum.oes.service.QuestionServiceTest" name="testQueryQuestionByPage" time="0.0" />

      <testcase classname="com.augmentum.oes.service.QuestionServiceTest" name="testDeleteQuestion" time="0.0" />

      <system-out><![CDATA[]]></system-out>

      <system-err><![CDATA[log4j:ERROR Could not find value for key log4j.appender.oes
log4j:ERROR Could not instantiate appender named "oes".
com.mchange.v2.cfg.DelayedLogItem [ level -> FINE, text -> "The configuration file for resource identifier '/mchange-commons.properties' could not be found. Skipping.", exception -> java.io.FileNotFoundException: Resource not found at path '/mchange-commons.properties'.]
com.mchange.v2.cfg.DelayedLogItem [ level -> FINE, text -> "The configuration file for resource identifier 'hocon:/reference.conf,/application.conf,/application.json,/application.properties,/' could not be found. Skipping.", exception -> java.io.FileNotFoundException: No resource available at '/reference.conf,/application.conf,/application.json,/application.properties,/' for HOCON identifier 'hocon:/reference.conf,/application.conf,/application.json,/application.properties,/'. Also HOCON lib (typesafe-config) is not available.]
com.augmentum.oes.exception.VerificationException
	at com.augmentum.oes.service.BaseService.validateObject(BaseService.java:28)
	at com.augmentum.oes.service.QuestionServiceTest.testVerificationException(Unknown Source)
	at sun.reflect.NativeMethodAccessorImpl.invoke0(Native Method)
	at sun.reflect.NativeMethodAccessorImpl.invoke(NativeMethodAccessorImpl.java:39)
	at sun.reflect.DelegatingMethodAccessorImpl.invoke(DelegatingMethodAccessorImpl.java:25)
	at java.lang.reflect.Method.invoke(Method.java:597)
	at org.junit.runners.model.FrameworkMethod$1.runReflectiveCall(FrameworkMethod.java:45)
	at org.junit.internal.runners.model.ReflectiveCallable.run(ReflectiveCallable.java:15)
	at org.junit.runners.model.FrameworkMethod.invokeExplosively(FrameworkMethod.java:42)
	at org.junit.internal.runners.statements.InvokeMethod.evaluate(InvokeMethod.java:20)
	at org.springframework.test.context.junit4.statements.RunBeforeTestMethodCallbacks.evaluate(RunBeforeTestMethodCallbacks.java:74)
	at org.springframework.test.context.junit4.statements.RunAfterTestMethodCallbacks.evaluate(RunAfterTestMethodCallbacks.java:83)
	at org.springframework.test.context.junit4.statements.SpringRepeat.evaluate(SpringRepeat.java:72)
	at org.springframework.test.context.junit4.SpringJUnit4ClassRunner.runChild(SpringJUnit4ClassRunner.java:231)
	at org.springframework.test.context.junit4.SpringJUnit4ClassRunner.runChild(SpringJUnit4ClassRunner.java:88)
	at org.junit.runners.ParentRunner$3.run(ParentRunner.java:231)
	at org.junit.runners.ParentRunner$1.schedule(ParentRunner.java:60)
	at org.junit.runners.ParentRunner.runChildren(ParentRunner.java:229)
	at org.junit.runners.ParentRunner.access$000(ParentRunner.java:50)
	at org.junit.runners.ParentRunner$2.evaluate(ParentRunner.java:222)
	at org.springframework.test.context.junit4.statements.RunBeforeTestClassCallbacks.evaluate(RunBeforeTestClassCallbacks.java:61)
	at org.springframework.test.context.junit4.statements.RunAfterTestClassCallbacks.evaluate(RunAfterTestClassCallbacks.java:71)
	at org.junit.runners.ParentRunner.run(ParentRunner.java:300)
	at org.springframework.test.context.junit4.SpringJUnit4ClassRunner.run(SpringJUnit4ClassRunner.java:174)
	at junit.framework.JUnit4TestAdapter.run(JUnit4TestAdapter.java:39)
	at org.apache.tools.ant.taskdefs.optional.junit.JUnitTestRunner.run(JUnitTestRunner.java:420)
	at org.apache.tools.ant.taskdefs.optional.junit.JUnitTestRunner.launch(JUnitTestRunner.java:911)
	at org.apache.tools.ant.taskdefs.optional.junit.JUnitTestRunner.main(JUnitTestRunner.java:768)
]]></system-err>

  </testsuite>
</testsuites>
